<?xml version="1.0" encoding="UTF-8"?>
<testng-results skipped="0" failed="0" ignored="0" total="1" passed="1">
  <reporter-output>
  </reporter-output>
  <suite name="Suite" duration-ms="17670" started-at="2020-05-20T14:44:44Z" finished-at="2020-05-20T14:45:01Z">
    <groups>
    </groups>
    <test name="Test" duration-ms="17670" started-at="2020-05-20T14:44:44Z" finished-at="2020-05-20T14:45:01Z">
      <class name="com.bridgelabz.testcases.TC_AdminLogin_01">
        <test-method status="PASS" signature="setup(java.lang.String)[pri:0, instance:com.bridgelabz.testcases.TC_AdminLogin_01@6fd02e5]" name="setup" is-config="true" duration-ms="4582" started-at="2020-05-20T14:44:44Z" finished-at="2020-05-20T14:44:49Z">
          <params>
            <param index="0">
              <value>
                <![CDATA[chrome]]>
              </value>
            </param>
          </params>
          <reporter-output>
          </reporter-output>
        </test-method> <!-- setup -->
        <test-method status="PASS" signature="adminLogin()[pri:0, instance:com.bridgelabz.testcases.TC_AdminLogin_01@6fd02e5]" name="adminLogin" duration-ms="11927" started-at="2020-05-20T14:44:49Z" finished-at="2020-05-20T14:45:01Z">
          <reporter-output>
          </reporter-output>
        </test-method> <!-- adminLogin -->
        <test-method status="PASS" signature="tearDown()[pri:0, instance:com.bridgelabz.testcases.TC_AdminLogin_01@6fd02e5]" name="tearDown" is-config="true" duration-ms="880" started-at="2020-05-20T14:45:01Z" finished-at="2020-05-20T14:45:01Z">
          <reporter-output>
          </reporter-output>
        </test-method> <!-- tearDown -->
      </class> <!-- com.bridgelabz.testcases.TC_AdminLogin_01 -->
    </test> <!-- Test -->
  </suite> <!-- Suite -->
</testng-results>
